<?xml version="1.0" encoding="UTF-8"?>
<testsuite name="ToDoTests" tests="1" skipped="0" failures="0" errors="0" timestamp="2018-01-17T21:19:55" hostname="PooshLT" time="0.0">
  <properties/>
  <testcase name="test" classname="ToDoTests" time="0.0"/>
  <system-out><![CDATA[]]></system-out>
  <system-err><![CDATA[]]></system-err>
</testsuite>
