<?xml version="1.0" encoding="UTF-8"?>
<testsuite name="ua.poosh.todo.controller.MainControllerImplTest" tests="5" skipped="0" failures="0" errors="0" timestamp="2018-02-20T18:59:12" hostname="PooshLT" time="0.453">
  <properties/>
  <testcase name="updateRecord" classname="ua.poosh.todo.controller.MainControllerImplTest" time="0.453"/>
  <testcase name="deleteRecord" classname="ua.poosh.todo.controller.MainControllerImplTest" time="0.0"/>
  <testcase name="addRecord" classname="ua.poosh.todo.controller.MainControllerImplTest" time="0.0"/>
  <testcase name="getRecordById" classname="ua.poosh.todo.controller.MainControllerImplTest" time="0.0"/>
  <testcase name="getAllToDoList" classname="ua.poosh.todo.controller.MainControllerImplTest" time="0.0"/>
  <system-out><![CDATA[]]></system-out>
  <system-err><![CDATA[]]></system-err>
</testsuite>
