<?xml version="1.0" encoding="UTF-8"?>
<testsuite name="ua.poosh.todo.controller.MainControllerImplTest" tests="5" skipped="0" failures="0" errors="0" timestamp="2018-02-07T20:12:49" hostname="PooshLT" time="0.49">
  <properties/>
  <testcase name="updateRecord" classname="ua.poosh.todo.controller.MainControllerImplTest" time="0.486"/>
  <testcase name="deleteRecord" classname="ua.poosh.todo.controller.MainControllerImplTest" time="0.001"/>
  <testcase name="addRecord" classname="ua.poosh.todo.controller.MainControllerImplTest" time="0.001"/>
  <testcase name="getRecordById" classname="ua.poosh.todo.controller.MainControllerImplTest" time="0.0"/>
  <testcase name="getAllToDoList" classname="ua.poosh.todo.controller.MainControllerImplTest" time="0.0"/>
  <system-out><![CDATA[]]></system-out>
  <system-err><![CDATA[]]></system-err>
</testsuite>
