<?xml version="1.0" encoding="UTF-8"?>
<testsuite name="ua.poosh.todo.dao.RecordDaoJsonImplTest" tests="5" skipped="0" failures="0" errors="0" timestamp="2018-02-07T20:12:50" hostname="PooshLT" time="0.094">
  <properties/>
  <testcase name="delete" classname="ua.poosh.todo.dao.RecordDaoJsonImplTest" time="0.061"/>
  <testcase name="findAll" classname="ua.poosh.todo.dao.RecordDaoJsonImplTest" time="0.014"/>
  <testcase name="findOne" classname="ua.poosh.todo.dao.RecordDaoJsonImplTest" time="0.007"/>
  <testcase name="update" classname="ua.poosh.todo.dao.RecordDaoJsonImplTest" time="0.007"/>
  <testcase name="save" classname="ua.poosh.todo.dao.RecordDaoJsonImplTest" time="0.004"/>
  <system-out><![CDATA[]]></system-out>
  <system-err><![CDATA[]]></system-err>
</testsuite>
