<?xml version="1.0" encoding="UTF-8"?>
<testsuite name="ua.poosh.todo.model.ToDoTests" tests="1" skipped="0" failures="0" errors="0" timestamp="2018-02-20T18:59:12" hostname="PooshLT" time="0.016">
  <properties/>
  <testcase name="test" classname="ua.poosh.todo.model.ToDoTests" time="0.016"/>
  <system-out><![CDATA[]]></system-out>
  <system-err><![CDATA[]]></system-err>
</testsuite>
