<?xml version="1.0" encoding="UTF-8"?>
<testsuite name="ua.poosh.todo.model.ToDoTests" tests="1" skipped="0" failures="0" errors="0" timestamp="2018-02-03T17:11:25" hostname="PooshLT" time="0.0">
  <properties/>
  <testcase name="test" classname="ua.poosh.todo.model.ToDoTests" time="0.0"/>
  <system-out><![CDATA[]]></system-out>
  <system-err><![CDATA[]]></system-err>
</testsuite>
